=== 编码异常 ===
时间: 2025-12-17 17:41:18.855914
异常: got an unexpected keyword argument 'progress_bar'
堆栈跟踪: Traceback (most recent call last):
  File "C:\Users\23576\Desktop\demo\project\ppt2video.py", line 584, in make_video
    raise encode_exception
  File "C:\Users\23576\Desktop\demo\project\ppt2video.py", line 522, in encode_video
    final_video.write_videofile(
    ~~~~~~~~~~~~~~~~~~~~~~~~~~~^
        output_path,
        ^^^^^^^^^^^^
    ...<14 lines>...
        progress_callback=progress_callback
        ^^^^^^^^^^^^^^^^^^^^^^^^^^^^^^^^^^^
    )
    ^
  File "C:\Users\23576\AppData\Local\Programs\Python\Python314\Lib\site-packages\decorator.py", line 234, in fun
    args, kw = fix(args, kw, sig)
               ~~~^^^^^^^^^^^^^^^
  File "C:\Users\23576\AppData\Local\Programs\Python\Python314\Lib\site-packages\decorator.py", line 204, in fix
    ba = sig.bind(*args, **kwargs)
  File "C:\Users\23576\AppData\Local\Programs\Python\Python314\Lib\inspect.py", line 3225, in bind
    return self._bind(args, kwargs)
           ~~~~~~~~~~^^^^^^^^^^^^^^
  File "C:\Users\23576\AppData\Local\Programs\Python\Python314\Lib\inspect.py", line 3214, in _bind
    raise TypeError(
        'got an unexpected keyword argument {arg!r}'.format(
            arg=next(iter(kwargs))))
TypeError: got an unexpected keyword argument 'progress_bar'

=== 编码异常 ===
时间: 2025-12-17 17:41:42.779080
异常: got an unexpected keyword argument 'progress_callback'
堆栈跟踪: Traceback (most recent call last):
  File "C:\Users\23576\Desktop\demo\project\ppt2video.py", line 583, in make_video
    raise encode_exception
  File "C:\Users\23576\Desktop\demo\project\ppt2video.py", line 522, in encode_video
    final_video.write_videofile(
    ~~~~~~~~~~~~~~~~~~~~~~~~~~~^
        output_path,
        ^^^^^^^^^^^^
    ...<13 lines>...
        progress_callback=progress_callback
        ^^^^^^^^^^^^^^^^^^^^^^^^^^^^^^^^^^^
    )
    ^
  File "C:\Users\23576\AppData\Local\Programs\Python\Python314\Lib\site-packages\decorator.py", line 234, in fun
    args, kw = fix(args, kw, sig)
               ~~~^^^^^^^^^^^^^^^
  File "C:\Users\23576\AppData\Local\Programs\Python\Python314\Lib\site-packages\decorator.py", line 204, in fix
    ba = sig.bind(*args, **kwargs)
  File "C:\Users\23576\AppData\Local\Programs\Python\Python314\Lib\inspect.py", line 3225, in bind
    return self._bind(args, kwargs)
           ~~~~~~~~~~^^^^^^^^^^^^^^
  File "C:\Users\23576\AppData\Local\Programs\Python\Python314\Lib\inspect.py", line 3214, in _bind
    raise TypeError(
        'got an unexpected keyword argument {arg!r}'.format(
            arg=next(iter(kwargs))))
TypeError: got an unexpected keyword argument 'progress_callback'

